94 46 
92 8107 42 301 46 
1992 440 
91 8107 
92810 42 
1610 42 
31913 440 8311 42 8107 
26496 1024 
161010 1218 
1218 66 13122 161010 13810 210 65 1024 2099 404 
835 2099 
1024 688 928 14512 26496 1920 112 336 352 416 31 46 65 1218 
928 1024 
14512 1024 
831 31 
829 301 
352 1024 
67 2099 
161 65 
66 1218 
65 161 417 1024 31 1218 2099 
440 1992 1048 616 1080 2024 120 344 8311 90214 31913 42 
439 8311 
344 440 
90214 831110 214 50101 404 8311 440 
22191 31 
55 8311 
120703 31 
431 31 
336 1024 
831110 90214 
6510 46 
61610 42 
96283 8107 
616 440 
8311 55 439 90214 50101 440 31913 
46 1024 94 6510 301 92 31 
138 42 
42 1610 138 61610 92810 314 31913 440 8107 92 
419 2099 
417 65 
416 1024 
50101 213 404 2099 90214 8311 
13810 1218 
1080 440 
8107 96283 91 42 31913 92 301 
31 1024 65 22191 120703 199999 751263 831 111 431 46 301 
314 42 
2024 440 
120 440 
214 90214 
199999 31 
404 2099 1218 50101 90214 
213 50101 
688 1024 
211 2099 
210 1218 
1920 1024 
112 1024 
111 31 
301 829 92 8107 46 31 
13122 1218 
2099 835 67 211 419 1218 65 404 50101 
1048 440 
751263 31 
